Using pre-set license
Built from '2020.3/staging' branch; Version is '2020.3.13f1 (71691879b7f5) revision 7432472'; Using compiler version '192528614'; Build Type 'Release'
OS: 'Windows 10 Home; OS build 19044.2728; Version 2009; 64bit' Language: 'en' Physical Memory: 8034 MB
BatchMode: 1, IsHumanControllingUs: 0, StartBugReporterOnCrash: 0, Is64bit: 1, IsPro: 0

 COMMAND LINE ARGUMENTS:
D:\Unity\2020.3.13f1\Editor\Unity.exe
-adb2
-batchMode
-noUpm
-name
AssetImportWorker0
-projectPath
D:/unity/0-VR/0-Multiplayer
-logFile
Logs/AssetImportWorker0.log
-srvPort
64712
Successfully changed project path to: D:/unity/0-VR/0-Multiplayer
D:/unity/0-VR/0-Multiplayer
Using Asset Import Pipeline V2.
Refreshing native plugins compatible for Editor in 56.54 ms, found 5 plugins.
Preloading 1 native plugins for Editor in 1.30 ms.
Initialize engine version: 2020.3.13f1 (71691879b7f5)
[Subsystems] Discovering subsystems at path D:/Unity/2020.3.13f1/Editor/Data/Resources/UnitySubsystems
[Subsystems] Discovering subsystems at path D:/unity/0-VR/0-Multiplayer/Assets
GfxDevice: creating device client; threaded=0
Direct3D:
    Version:  Direct3D 11.0 [level 11.1]
    Renderer: NVIDIA GeForce GTX 1050 (ID=0x1c91)
    Vendor:   
    VRAM:     2995 MB
    Driver:   31.0.15.3623
Initialize mono
Mono path[0] = 'D:/Unity/2020.3.13f1/Editor/Data/Managed'
Mono path[1] = 'D:/Unity/2020.3.13f1/Editor/Data/MonoBleedingEdge/lib/mono/unityjit'
Mono config path = 'D:/Unity/2020.3.13f1/Editor/Data/MonoBleedingEdge/etc'
Using monoOptions --debugger-agent=transport=dt_socket,embedding=1,server=y,suspend=n,address=127.0.0.1:56576
Begin MonoManager ReloadAssembly
Registering precompiled unity dll's ...
Register platform support module: D:/Unity/2020.3.13f1/Editor/Data/PlaybackEngines/WindowsStandaloneSupport/UnityEditor.WindowsStandalone.Extensions.dll
Registered in 0.003243 seconds.
Native extension for WindowsStandalone target not found
Refreshing native plugins compatible for Editor in 42.44 ms, found 5 plugins.
Preloading 1 native plugins for Editor in 0.06 ms.
Mono: successfully reloaded assembly
- Completed reload, in  2.359 seconds
Platform modules already initialized, skipping
Registering precompiled user dll's ...
Registered in 0.020077 seconds.
Begin MonoManager ReloadAssembly
Native extension for WindowsStandalone target not found
Refreshing native plugins compatible for Editor in 43.16 ms, found 5 plugins.
Preloading 1 native plugins for Editor in 0.07 ms.
[XR] OculusXRPlugin: registering subsystems
[XR] Unable to register display lifecyle provider: [1]
[XR] Oculus Input lifecycle provider registered.
[XR] Unable to register input lifecyle provider: [1]
NullReferenceException: Object reference not set to an instance of an object
  at Unity.XR.Oculus.OculusLoader.AssetPathToAbsolutePath (System.String assetPath) [0x00048] in D:\unity\0-VR\0-Multiplayer\Library\PackageCache\com.unity.xr.oculus@1.9.1\Runtime\OculusLoader.cs:249 
  at Unity.XR.Oculus.OculusLoader.EditorLoadOVRPlugin () [0x0007b] in D:\unity\0-VR\0-Multiplayer\Library\PackageCache\com.unity.xr.oculus@1.9.1\Runtime\OculusLoader.cs:234 

(Filename: Library/PackageCache/com.unity.xr.oculus@1.9.1/Runtime/OculusLoader.cs Line: 249)

Mono: successfully reloaded assembly
- Completed reload, in  1.462 seconds
Platform modules already initialized, skipping
========================================================================
Worker process is ready to serve import requests
Launched and connected shader compiler UnityShaderCompiler.exe after 0.05 seconds
Refreshing native plugins compatible for Editor in 0.58 ms, found 5 plugins.
Preloading 1 native plugins for Editor in 0.05 ms.
Unloading 2206 Unused Serialized files (Serialized files now loaded: 0)
System memory in use before: 95.0 MB.
System memory in use after: 95.1 MB.

Unloading 29 unused Assets to reduce memory usage. Loaded Objects now: 2641.
Total: 2.274600 ms (FindLiveObjects: 0.232000 ms CreateObjectMapping: 0.097400 ms MarkObjects: 1.852900 ms  DeleteObjects: 0.091100 ms)

AssetImportParameters requested are different than current active one (requested -> active):
  custom:framework-win-MediaFoundation: 216162199b28c13a410421893ffa2e32 -> 
  custom:video-decoder-ogg-theora: a1e56fd34408186e4bbccfd4996cb3dc -> 
  custom:container-muxer-webm: aa71ff27fc2769a1b78a27578f13a17b -> 
  custom:container-demuxer-webm: 4f35f7cbe854078d1ac9338744f61a02 -> 
  custom:container-demuxer-ogg: 62fdf1f143b41e24485cea50d1cbac27 -> 
  custom:video-encoder-webm-vp8: eb34c28f22e8b96e1ab97ce403110664 -> 
  custom:video-decoder-webm-vp8: 9c59270c3fd7afecdb556c50c9e8de78 -> 
  custom:audio-decoder-ogg-vorbis: bf7c407c2cedff20999df2af8eb42d56 -> 
  custom:audio-encoder-webm-vorbis: bf7c407c2cedff20999df2af8eb42d56 -> 
========================================================================
Received Import Request.
  path: Assets/IRONHEAD Games/Scripts/NetworkedGrabbing.cs
  artifactKey: Guid(51a6d89b8be0476429e1a58b0afac0de) Importer(815301076,1909f56bfc062723c751e8b465ee728b)
Start importing Assets/IRONHEAD Games/Scripts/NetworkedGrabbing.cs using Guid(51a6d89b8be0476429e1a58b0afac0de) Importer(815301076,1909f56bfc062723c751e8b465ee728b)  -> (artifact id: 'd4f80f36c83c2f51f627b5f196829472') in 0.041170 seconds 
  Import took 0.047628 seconds .

========================================================================
Received Import Request.
  Time since last request: 102.657397 seconds.
  path: Assets/IRONHEAD Games/Scripts/NetworkedGrabbing.cs
  artifactKey: Guid(51a6d89b8be0476429e1a58b0afac0de) Importer(815301076,1909f56bfc062723c751e8b465ee728b)
Start importing Assets/IRONHEAD Games/Scripts/NetworkedGrabbing.cs using Guid(51a6d89b8be0476429e1a58b0afac0de) Importer(815301076,1909f56bfc062723c751e8b465ee728b)  -> (artifact id: 'e688b3a82a357755a57e95f8bdffe4d5') in 0.017893 seconds 
  Import took 0.264045 seconds .

========================================================================
Received Import Request.
  Time since last request: 125.993765 seconds.
  path: Assets/IRONHEAD Games/Scripts/NetworkedGrabbing.cs
  artifactKey: Guid(51a6d89b8be0476429e1a58b0afac0de) Importer(815301076,1909f56bfc062723c751e8b465ee728b)
Start importing Assets/IRONHEAD Games/Scripts/NetworkedGrabbing.cs using Guid(51a6d89b8be0476429e1a58b0afac0de) Importer(815301076,1909f56bfc062723c751e8b465ee728b)  -> (artifact id: 'efa6450da36cf141c4abd251391b194c') in 0.002953 seconds 
  Import took 0.009737 seconds .

========================================================================
Received Import Request.
  Time since last request: 30.082568 seconds.
  path: Assets/IRONHEAD Games/Scripts/NetworkedGrabbing.cs
  artifactKey: Guid(51a6d89b8be0476429e1a58b0afac0de) Importer(815301076,1909f56bfc062723c751e8b465ee728b)
Start importing Assets/IRONHEAD Games/Scripts/NetworkedGrabbing.cs using Guid(51a6d89b8be0476429e1a58b0afac0de) Importer(815301076,1909f56bfc062723c751e8b465ee728b)  -> (artifact id: 'f5308e7b1fbe8dbe74839a2365859f0d') in 0.002942 seconds 
  Import took 0.007906 seconds .

========================================================================
Received Import Request.
  Time since last request: 0.001128 seconds.
  path: Assets/IRONHEAD Games/Scripts/NetworkedGrabbing.cs
  artifactKey: Guid(51a6d89b8be0476429e1a58b0afac0de) Importer(815301076,1909f56bfc062723c751e8b465ee728b)
Start importing Assets/IRONHEAD Games/Scripts/NetworkedGrabbing.cs using Guid(51a6d89b8be0476429e1a58b0afac0de) Importer(815301076,1909f56bfc062723c751e8b465ee728b)  -> (artifact id: 'f5308e7b1fbe8dbe74839a2365859f0d') in 0.002188 seconds 
  Import took 0.007081 seconds .

========================================================================
Received Import Request.
  Time since last request: 4.421266 seconds.
  path: Assets/IRONHEAD Games/Scripts/NetworkedGrabbing.cs
  artifactKey: Guid(51a6d89b8be0476429e1a58b0afac0de) Importer(815301076,1909f56bfc062723c751e8b465ee728b)
Start importing Assets/IRONHEAD Games/Scripts/NetworkedGrabbing.cs using Guid(51a6d89b8be0476429e1a58b0afac0de) Importer(815301076,1909f56bfc062723c751e8b465ee728b)  -> (artifact id: '4ee679de9b4cce3fdf8898ebdd5d9ecd') in 0.002529 seconds 
  Import took 0.008527 seconds .

========================================================================
Received Import Request.
  Time since last request: 74.158786 seconds.
  path: Assets/IRONHEAD Games/Scripts/NetworkedGrabbing.cs
  artifactKey: Guid(51a6d89b8be0476429e1a58b0afac0de) Importer(815301076,1909f56bfc062723c751e8b465ee728b)
Start importing Assets/IRONHEAD Games/Scripts/NetworkedGrabbing.cs using Guid(51a6d89b8be0476429e1a58b0afac0de) Importer(815301076,1909f56bfc062723c751e8b465ee728b)  -> (artifact id: 'aa46ce83e6d914ac5ac6376613a991d3') in 0.002296 seconds 
  Import took 0.007461 seconds .

========================================================================
Received Import Request.
  Time since last request: 235.624122 seconds.
  path: Assets/IRONHEAD Games/Scripts/NetworkedGrabbing.cs
  artifactKey: Guid(51a6d89b8be0476429e1a58b0afac0de) Importer(815301076,1909f56bfc062723c751e8b465ee728b)
Start importing Assets/IRONHEAD Games/Scripts/NetworkedGrabbing.cs using Guid(51a6d89b8be0476429e1a58b0afac0de) Importer(815301076,1909f56bfc062723c751e8b465ee728b)  -> (artifact id: '4f413d4303390061660290a8082b58b9') in 0.002485 seconds 
  Import took 0.012436 seconds .

========================================================================
Received Import Request.
  Time since last request: 0.001525 seconds.
  path: Assets/IRONHEAD Games/Scripts/NetworkedGrabbing.cs
  artifactKey: Guid(51a6d89b8be0476429e1a58b0afac0de) Importer(815301076,1909f56bfc062723c751e8b465ee728b)
Start importing Assets/IRONHEAD Games/Scripts/NetworkedGrabbing.cs using Guid(51a6d89b8be0476429e1a58b0afac0de) Importer(815301076,1909f56bfc062723c751e8b465ee728b)  -> (artifact id: '4f413d4303390061660290a8082b58b9') in 0.004541 seconds 
  Import took 0.012492 seconds .

========================================================================
Received Import Request.
  Time since last request: 26.306878 seconds.
  path: Assets/IRONHEAD Games/Scripts/NetworkedGrabbing.cs
  artifactKey: Guid(51a6d89b8be0476429e1a58b0afac0de) Importer(815301076,1909f56bfc062723c751e8b465ee728b)
Start importing Assets/IRONHEAD Games/Scripts/NetworkedGrabbing.cs using Guid(51a6d89b8be0476429e1a58b0afac0de) Importer(815301076,1909f56bfc062723c751e8b465ee728b)  -> (artifact id: 'af1e9dd9efcd88fd831ecd6a4aeac022') in 0.001945 seconds 
  Import took 0.006826 seconds .

========================================================================
Received Import Request.
  Time since last request: 0.001659 seconds.
  path: Assets/IRONHEAD Games/Scripts/NetworkedGrabbing.cs
  artifactKey: Guid(51a6d89b8be0476429e1a58b0afac0de) Importer(815301076,1909f56bfc062723c751e8b465ee728b)
Start importing Assets/IRONHEAD Games/Scripts/NetworkedGrabbing.cs using Guid(51a6d89b8be0476429e1a58b0afac0de) Importer(815301076,1909f56bfc062723c751e8b465ee728b)  -> (artifact id: 'af1e9dd9efcd88fd831ecd6a4aeac022') in 0.001708 seconds 
  Import took 0.007119 seconds .

========================================================================
Received Import Request.
  Time since last request: 43.929562 seconds.
  path: Assets/IRONHEAD Games/Scripts/NetworkedGrabbing.cs
  artifactKey: Guid(51a6d89b8be0476429e1a58b0afac0de) Importer(815301076,1909f56bfc062723c751e8b465ee728b)
Start importing Assets/IRONHEAD Games/Scripts/NetworkedGrabbing.cs using Guid(51a6d89b8be0476429e1a58b0afac0de) Importer(815301076,1909f56bfc062723c751e8b465ee728b)  -> (artifact id: '6edd4e2aebd8ffcc6b7477147700b46a') in 0.002424 seconds 
  Import took 0.007487 seconds .

========================================================================
Received Import Request.
  Time since last request: 95.395220 seconds.
  path: Assets/IRONHEAD Games/Scripts/NetworkedGrabbing.cs
  artifactKey: Guid(51a6d89b8be0476429e1a58b0afac0de) Importer(815301076,1909f56bfc062723c751e8b465ee728b)
Start importing Assets/IRONHEAD Games/Scripts/NetworkedGrabbing.cs using Guid(51a6d89b8be0476429e1a58b0afac0de) Importer(815301076,1909f56bfc062723c751e8b465ee728b)  -> (artifact id: 'ff6dd4e0cdba3b3e3ca5f0c30f6575c7') in 0.002571 seconds 
  Import took 0.008189 seconds .

========================================================================
Received Import Request.
  Time since last request: 13.037078 seconds.
  path: Assets/IRONHEAD Games/Scripts/NetworkedGrabbing.cs
  artifactKey: Guid(51a6d89b8be0476429e1a58b0afac0de) Importer(815301076,1909f56bfc062723c751e8b465ee728b)
Start importing Assets/IRONHEAD Games/Scripts/NetworkedGrabbing.cs using Guid(51a6d89b8be0476429e1a58b0afac0de) Importer(815301076,1909f56bfc062723c751e8b465ee728b)  -> (artifact id: 'fef17aa148e527e288e6731bb4b502a8') in 0.002505 seconds 
  Import took 0.006824 seconds .

========================================================================
Received Import Request.
  Time since last request: 10.256599 seconds.
  path: Assets/IRONHEAD Games/Scripts/NetworkedGrabbing.cs
  artifactKey: Guid(51a6d89b8be0476429e1a58b0afac0de) Importer(815301076,1909f56bfc062723c751e8b465ee728b)
Start importing Assets/IRONHEAD Games/Scripts/NetworkedGrabbing.cs using Guid(51a6d89b8be0476429e1a58b0afac0de) Importer(815301076,1909f56bfc062723c751e8b465ee728b)  -> (artifact id: '62bc288ba53fe1b291e31ab64bed079b') in 0.002339 seconds 
  Import took 0.007014 seconds .

========================================================================
Received Import Request.
  Time since last request: 117.491265 seconds.
  path: Assets/IRONHEAD Games/Scripts/NetworkedGrabbing.cs
  artifactKey: Guid(51a6d89b8be0476429e1a58b0afac0de) Importer(815301076,1909f56bfc062723c751e8b465ee728b)
Start importing Assets/IRONHEAD Games/Scripts/NetworkedGrabbing.cs using Guid(51a6d89b8be0476429e1a58b0afac0de) Importer(815301076,1909f56bfc062723c751e8b465ee728b)  -> (artifact id: 'e7f2780f2fb823142e04358dd412901d') in 0.002153 seconds 
  Import took 0.006920 seconds .

========================================================================
Received Prepare
Registering precompiled user dll's ...
Registered in 0.017874 seconds.
Begin MonoManager ReloadAssembly
Native extension for WindowsStandalone target not found
Refreshing native plugins compatible for Editor in 0.83 ms, found 5 plugins.
Preloading 1 native plugins for Editor in 0.46 ms.
NullReferenceException: Object reference not set to an instance of an object
  at Unity.XR.Oculus.OculusLoader.AssetPathToAbsolutePath (System.String assetPath) [0x00048] in D:\unity\0-VR\0-Multiplayer\Library\PackageCache\com.unity.xr.oculus@1.9.1\Runtime\OculusLoader.cs:249 
  at Unity.XR.Oculus.OculusLoader.EditorLoadOVRPlugin () [0x0007b] in D:\unity\0-VR\0-Multiplayer\Library\PackageCache\com.unity.xr.oculus@1.9.1\Runtime\OculusLoader.cs:234 

(Filename: Library/PackageCache/com.unity.xr.oculus@1.9.1/Runtime/OculusLoader.cs Line: 249)

Mono: successfully reloaded assembly
- Completed reload, in  1.695 seconds
Platform modules already initialized, skipping
Switching build target platform(19) subTarget(0) extendedPlatform(0) -> platform(13) subTarget(524294) extendedPlatform(0)
Refreshing native plugins compatible for Editor in 0.61 ms, found 5 plugins.
Preloading 1 native plugins for Editor in 0.06 ms.
Unloading 2180 Unused Serialized files (Serialized files now loaded: 0)
System memory in use before: 93.3 MB.
System memory in use after: 93.4 MB.

Unloading 21 unused Assets to reduce memory usage. Loaded Objects now: 2646.
Total: 8.750300 ms (FindLiveObjects: 0.575800 ms CreateObjectMapping: 0.124300 ms MarkObjects: 7.636000 ms  DeleteObjects: 0.412800 ms)

AssetImportParameters requested are different than current active one (requested -> active):
  custom:framework-win-MediaFoundation: 216162199b28c13a410421893ffa2e32 -> 
  custom:video-decoder-ogg-theora: a1e56fd34408186e4bbccfd4996cb3dc -> 
  custom:container-muxer-webm: aa71ff27fc2769a1b78a27578f13a17b -> 
  custom:container-demuxer-webm: 4f35f7cbe854078d1ac9338744f61a02 -> 
  custom:container-demuxer-ogg: 62fdf1f143b41e24485cea50d1cbac27 -> 
  custom:video-encoder-webm-vp8: eb34c28f22e8b96e1ab97ce403110664 -> 
  custom:video-decoder-webm-vp8: 9c59270c3fd7afecdb556c50c9e8de78 -> 
  custom:graphics/normal-map-encoding: 01000000000000000000000000000000 -> 02000000000000000000000000000000
  custom:audio-decoder-ogg-vorbis: bf7c407c2cedff20999df2af8eb42d56 -> 
  custom:audio-encoder-webm-vorbis: bf7c407c2cedff20999df2af8eb42d56 -> 
========================================================================
Received Import Request.
  Time since last request: 171.789612 seconds.
  path: ProjectSettings/TagManager.asset
  artifactKey: Guid(00000000000000003000000000000000) Importer(815301076,1909f56bfc062723c751e8b465ee728b)
Start importing ProjectSettings/TagManager.asset using Guid(00000000000000003000000000000000) Importer(815301076,1909f56bfc062723c751e8b465ee728b)  -> (artifact id: '08f811e5b87cddd4bb1fe2340a352f77') in 0.073009 seconds 
  Import took 0.080379 seconds .

========================================================================
Received Import Request.
  Time since last request: 17.517152 seconds.
  path: ProjectSettings/TagManager.asset
  artifactKey: Guid(00000000000000003000000000000000) Importer(815301076,1909f56bfc062723c751e8b465ee728b)
Start importing ProjectSettings/TagManager.asset using Guid(00000000000000003000000000000000) Importer(815301076,1909f56bfc062723c751e8b465ee728b)  -> (artifact id: 'c5e467dc7a516251881ffd35dffa954c') in 0.002223 seconds 
  Import took 0.007758 seconds .

========================================================================
Received Prepare
Registering precompiled user dll's ...
Registered in 0.018716 seconds.
Begin MonoManager ReloadAssembly
Native extension for WindowsStandalone target not found
Refreshing native plugins compatible for Editor in 0.75 ms, found 5 plugins.
Preloading 1 native plugins for Editor in 0.07 ms.
NullReferenceException: Object reference not set to an instance of an object
  at Unity.XR.Oculus.OculusLoader.AssetPathToAbsolutePath (System.String assetPath) [0x00048] in D:\unity\0-VR\0-Multiplayer\Library\PackageCache\com.unity.xr.oculus@1.9.1\Runtime\OculusLoader.cs:249 
  at Unity.XR.Oculus.OculusLoader.EditorLoadOVRPlugin () [0x0007b] in D:\unity\0-VR\0-Multiplayer\Library\PackageCache\com.unity.xr.oculus@1.9.1\Runtime\OculusLoader.cs:234 

(Filename: Library/PackageCache/com.unity.xr.oculus@1.9.1/Runtime/OculusLoader.cs Line: 249)

Mono: successfully reloaded assembly
- Completed reload, in  1.106 seconds
Platform modules already initialized, skipping
Switching build target platform(19) subTarget(0) extendedPlatform(0) -> platform(13) subTarget(524294) extendedPlatform(0)
Refreshing native plugins compatible for Editor in 0.54 ms, found 5 plugins.
Preloading 1 native plugins for Editor in 0.05 ms.
Unloading 2180 Unused Serialized files (Serialized files now loaded: 0)
System memory in use before: 93.4 MB.
System memory in use after: 93.5 MB.

Unloading 23 unused Assets to reduce memory usage. Loaded Objects now: 2651.
Total: 2.659200 ms (FindLiveObjects: 0.213200 ms CreateObjectMapping: 0.065900 ms MarkObjects: 2.310700 ms  DeleteObjects: 0.068200 ms)

AssetImportParameters requested are different than current active one (requested -> active):
  custom:framework-win-MediaFoundation: 216162199b28c13a410421893ffa2e32 -> 
  custom:video-decoder-ogg-theora: a1e56fd34408186e4bbccfd4996cb3dc -> 
  custom:container-muxer-webm: aa71ff27fc2769a1b78a27578f13a17b -> 
  custom:container-demuxer-webm: 4f35f7cbe854078d1ac9338744f61a02 -> 
  custom:container-demuxer-ogg: 62fdf1f143b41e24485cea50d1cbac27 -> 
  custom:video-encoder-webm-vp8: eb34c28f22e8b96e1ab97ce403110664 -> 
  custom:video-decoder-webm-vp8: 9c59270c3fd7afecdb556c50c9e8de78 -> 
  custom:graphics/normal-map-encoding: 01000000000000000000000000000000 -> 02000000000000000000000000000000
  custom:audio-decoder-ogg-vorbis: bf7c407c2cedff20999df2af8eb42d56 -> 
  custom:audio-encoder-webm-vorbis: bf7c407c2cedff20999df2af8eb42d56 -> 
========================================================================
Received Import Request.
  Time since last request: 108.437830 seconds.
  path: Assets/IRONHEAD Games/Resources/Generic VR Player.prefab
  artifactKey: Guid(b3aff8450ddab774b947bc6e6ad5810e) Importer(815301076,1909f56bfc062723c751e8b465ee728b)
Start importing Assets/IRONHEAD Games/Resources/Generic VR Player.prefab using Guid(b3aff8450ddab774b947bc6e6ad5810e) Importer(815301076,1909f56bfc062723c751e8b465ee728b)  -> (artifact id: 'b7d9236aaa19859e4aea21bc087f1f4d') in 0.292757 seconds 
  Import took 0.297771 seconds .

========================================================================
Received Prepare
Registering precompiled user dll's ...
Registered in 0.019238 seconds.
Begin MonoManager ReloadAssembly
Native extension for WindowsStandalone target not found
Refreshing native plugins compatible for Editor in 0.60 ms, found 5 plugins.
Preloading 1 native plugins for Editor in 0.17 ms.
NullReferenceException: Object reference not set to an instance of an object
  at Unity.XR.Oculus.OculusLoader.AssetPathToAbsolutePath (System.String assetPath) [0x00048] in D:\unity\0-VR\0-Multiplayer\Library\PackageCache\com.unity.xr.oculus@1.9.1\Runtime\OculusLoader.cs:249 
  at Unity.XR.Oculus.OculusLoader.EditorLoadOVRPlugin () [0x0007b] in D:\unity\0-VR\0-Multiplayer\Library\PackageCache\com.unity.xr.oculus@1.9.1\Runtime\OculusLoader.cs:234 

(Filename: Library/PackageCache/com.unity.xr.oculus@1.9.1/Runtime/OculusLoader.cs Line: 249)

Mono: successfully reloaded assembly
- Completed reload, in  1.408 seconds
Platform modules already initialized, skipping
Switching build target platform(19) subTarget(0) extendedPlatform(0) -> platform(13) subTarget(524294) extendedPlatform(0)
Refreshing native plugins compatible for Editor in 0.58 ms, found 5 plugins.
Preloading 1 native plugins for Editor in 0.05 ms.
Unloading 2180 Unused Serialized files (Serialized files now loaded: 0)
System memory in use before: 96.4 MB.
System memory in use after: 96.5 MB.

Unloading 21 unused Assets to reduce memory usage. Loaded Objects now: 2663.
Total: 8.223100 ms (FindLiveObjects: 0.521000 ms CreateObjectMapping: 0.112800 ms MarkObjects: 7.111600 ms  DeleteObjects: 0.476700 ms)

AssetImportParameters requested are different than current active one (requested -> active):
  custom:framework-win-MediaFoundation: 216162199b28c13a410421893ffa2e32 -> 
  custom:video-decoder-ogg-theora: a1e56fd34408186e4bbccfd4996cb3dc -> 
  custom:container-muxer-webm: aa71ff27fc2769a1b78a27578f13a17b -> 
  custom:container-demuxer-webm: 4f35f7cbe854078d1ac9338744f61a02 -> 
  custom:container-demuxer-ogg: 62fdf1f143b41e24485cea50d1cbac27 -> 
  custom:video-encoder-webm-vp8: eb34c28f22e8b96e1ab97ce403110664 -> 
  custom:video-decoder-webm-vp8: 9c59270c3fd7afecdb556c50c9e8de78 -> 
  custom:graphics/normal-map-encoding: 01000000000000000000000000000000 -> 02000000000000000000000000000000
  custom:audio-decoder-ogg-vorbis: bf7c407c2cedff20999df2af8eb42d56 -> 
  custom:audio-encoder-webm-vorbis: bf7c407c2cedff20999df2af8eb42d56 -> 
AssetImportWorkerClient::OnTransportError - code=2 error=End of file
